<?xml version="1.0" encoding="UTF-8"?>
<!-- Generated by org.testng.reporters.JUnitXMLReporter -->
<testsuite hostname="DESKTOP-TRP4DF3" name="Data Provider with Bean test" tests="2" failures="0" timestamp="7 Dec 2016 08:53:46 GMT" time="0.083" errors="0">
  <testcase name="testMethod" time="0.016" classname="parameterized_test.ParamTestWithDataProviderWithBean"/>
  <testcase name="testMethod" time="0.003" classname="parameterized_test.ParamTestWithDataProviderWithBean"/>
</testsuite> <!-- Data Provider with Bean test -->
